Using pre-set license
Built from '2021.3/staging' branch; Version is '2021.3.8f1 (b30333d56e81) revision 11731763'; Using compiler version '192829333'; Build Type 'Release'
OS: 'Windows 10  (10.0.19044) 64bit Professional' Language: 'ko' Physical Memory: 65395 MB
BatchMode: 1, IsHumanControllingUs: 0, StartBugReporterOnCrash: 0, Is64bit: 1, IsPro: 1

COMMAND LINE ARGUMENTS:
C:\Program Files\Unity\Hub\Editor\2021.3.8f1\Editor\Unity.exe
-adb2
-batchMode
-noUpm
-name
AssetImportWorker6
-projectPath
C:/Users/Doubleme/Downloads/NoiseBall-master
-logFile
Logs/AssetImportWorker6.log
-srvPort
54041
Successfully changed project path to: C:/Users/Doubleme/Downloads/NoiseBall-master
C:/Users/Doubleme/Downloads/NoiseBall-master
[UnityMemory] Configuration Parameters - Can be set up in boot.config
    "memorysetup-bucket-allocator-granularity=16"
    "memorysetup-bucket-allocator-bucket-count=8"
    "memorysetup-bucket-allocator-block-size=33554432"
    "memorysetup-bucket-allocator-block-count=8"
    "memorysetup-main-allocator-block-size=16777216"
    "memorysetup-thread-allocator-block-size=16777216"
    "memorysetup-gfx-main-allocator-block-size=16777216"
    "memorysetup-gfx-thread-allocator-block-size=16777216"
    "memorysetup-cache-allocator-block-size=4194304"
    "memorysetup-typetree-allocator-block-size=2097152"
    "memorysetup-profiler-bucket-allocator-granularity=16"
    "memorysetup-profiler-bucket-allocator-bucket-count=8"
    "memorysetup-profiler-bucket-allocator-block-size=33554432"
    "memorysetup-profiler-bucket-allocator-block-count=8"
    "memorysetup-profiler-allocator-block-size=16777216"
    "memorysetup-profiler-editor-allocator-block-size=1048576"
    "memorysetup-temp-allocator-size-main=16777216"
    "memorysetup-job-temp-allocator-block-size=2097152"
    "memorysetup-job-temp-allocator-block-size-background=1048576"
    "memorysetup-job-temp-allocator-reduction-small-platforms=262144"
    "memorysetup-temp-allocator-size-background-worker=32768"
    "memorysetup-temp-allocator-size-job-worker=262144"
    "memorysetup-temp-allocator-size-preload-manager=33554432"
    "memorysetup-temp-allocator-size-nav-mesh-worker=65536"
    "memorysetup-temp-allocator-size-audio-worker=65536"
    "memorysetup-temp-allocator-size-cloud-worker=32768"
    "memorysetup-temp-allocator-size-gi-baking-worker=262144"
    "memorysetup-temp-allocator-size-gfx=262144"
Refreshing native plugins compatible for Editor in 231.89 ms, found 5 plugins.
Preloading 0 native plugins for Editor in 0.00 ms.
Initialize engine version: 2021.3.8f1 (b30333d56e81)
[Subsystems] Discovering subsystems at path C:/Program Files/Unity/Hub/Editor/2021.3.8f1/Editor/Data/Resources/UnitySubsystems
[Subsystems] Discovering subsystems at path C:/Users/Doubleme/Downloads/NoiseBall-master/Assets
GfxDevice: creating device client; threaded=0; jobified=0
Direct3D:
    Version:  Direct3D 11.0 [level 11.1]
    Renderer: NVIDIA GeForce RTX 3060 Ti (ID=0x2489)
    Vendor:   NVIDIA
    VRAM:     8038 MB
    Driver:   31.0.15.2686
Initialize mono
Mono path[0] = 'C:/Program Files/Unity/Hub/Editor/2021.3.8f1/Editor/Data/Managed'
Mono path[1] = 'C:/Program Files/Unity/Hub/Editor/2021.3.8f1/Editor/Data/MonoBleedingEdge/lib/mono/unityjit-win32'
Mono config path = 'C:/Program Files/Unity/Hub/Editor/2021.3.8f1/Editor/Data/MonoBleedingEdge/etc'
Using monoOptions --debugger-agent=transport=dt_socket,embedding=1,server=y,suspend=n,address=127.0.0.1:56320
Begin MonoManager ReloadAssembly
Registering precompiled unity dll's ...
Register platform support module: C:/Program Files/Unity/Hub/Editor/2021.3.8f1/Editor/Data/PlaybackEngines/WindowsStandaloneSupport/UnityEditor.WindowsStandalone.Extensions.dll
Register platform support module: C:/Program Files/Unity/Hub/Editor/2021.3.8f1/Editor/Data/PlaybackEngines/MetroSupport/UnityEditor.UWP.Extensions.dll
Registered in 0.012361 seconds.
Native extension for UWP target not found
Native extension for WindowsStandalone target not found
Refreshing native plugins compatible for Editor in 205.52 ms, found 5 plugins.
Preloading 0 native plugins for Editor in 0.00 ms.
Mono: successfully reloaded assembly
- Completed reload, in  1.045 seconds
Domain Reload Profiling:
	ReloadAssembly (1046ms)
		BeginReloadAssembly (129ms)
			ExecutionOrderSort (0ms)
			DisableScriptedObjects (0ms)
			BackupInstance (0ms)
			ReleaseScriptingObjects (0ms)
			CreateAndSetChildDomain (1ms)
		EndReloadAssembly (760ms)
			LoadAssemblies (122ms)
			RebuildTransferFunctionScriptingTraits (0ms)
			SetupTypeCache (145ms)
			ReleaseScriptCaches (0ms)
			RebuildScriptCaches (39ms)
			SetupLoadedEditorAssemblies (497ms)
				LogAssemblyErrors (0ms)
				InitializePlatformSupportModulesInManaged (14ms)
				SetLoadedEditorAssemblies (0ms)
				RefreshPlugins (206ms)
				BeforeProcessingInitializeOnLoad (2ms)
				ProcessInitializeOnLoadAttributes (190ms)
				ProcessInitializeOnLoadMethodAttributes (84ms)
				AfterProcessingInitializeOnLoad (0ms)
				EditorAssembliesLoaded (0ms)
			ExecutionOrderSort2 (0ms)
			AwakeInstancesAfterBackupRestoration (0ms)
Platform modules already initialized, skipping
Registering precompiled user dll's ...
Registered in 0.019555 seconds.
Begin MonoManager ReloadAssembly
Symbol file LoadedFromMemory doesn't match image C:\Users\Doubleme\Downloads\NoiseBall-master\Library\PackageCache\com.unity.visualscripting@1.7.8\Editor\VisualScripting.Core\Dependencies\DotNetZip\Unity.VisualScripting.IonicZip.dll
Symbol file LoadedFromMemory doesn't match image C:\Users\Doubleme\Downloads\NoiseBall-master\Library\PackageCache\com.unity.visualscripting@1.7.8\Editor\VisualScripting.Core\Dependencies\YamlDotNet\Unity.VisualScripting.YamlDotNet.dll
Native extension for UWP target not found
Native extension for WindowsStandalone target not found
Refreshing native plugins compatible for Editor in 188.08 ms, found 5 plugins.
Preloading 0 native plugins for Editor in 0.00 ms.
Package Manager log level set to [2]
Mono: successfully reloaded assembly
- Completed reload, in  2.024 seconds
Domain Reload Profiling:
	ReloadAssembly (2026ms)
		BeginReloadAssembly (167ms)
			ExecutionOrderSort (0ms)
			DisableScriptedObjects (12ms)
			BackupInstance (0ms)
			ReleaseScriptingObjects (0ms)
			CreateAndSetChildDomain (24ms)
		EndReloadAssembly (1651ms)
			LoadAssemblies (138ms)
			RebuildTransferFunctionScriptingTraits (0ms)
			SetupTypeCache (377ms)
			ReleaseScriptCaches (1ms)
			RebuildScriptCaches (112ms)
			SetupLoadedEditorAssemblies (945ms)
				LogAssemblyErrors (0ms)
				InitializePlatformSupportModulesInManaged (9ms)
				SetLoadedEditorAssemblies (0ms)
				RefreshPlugins (188ms)
				BeforeProcessingInitializeOnLoad (173ms)
				ProcessInitializeOnLoadAttributes (337ms)
				ProcessInitializeOnLoadMethodAttributes (226ms)
				AfterProcessingInitializeOnLoad (11ms)
				EditorAssembliesLoaded (0ms)
			ExecutionOrderSort2 (0ms)
			AwakeInstancesAfterBackupRestoration (16ms)
Platform modules already initialized, skipping
========================================================================
Worker process is ready to serve import requests
Launched and connected shader compiler UnityShaderCompiler.exe after 0.04 seconds
Refreshing native plugins compatible for Editor in 1.34 ms, found 5 plugins.
Preloading 0 native plugins for Editor in 0.00 ms.
Unloading 6150 Unused Serialized files (Serialized files now loaded: 0)
Unloading 81 unused Assets / (1.0 MB). Loaded Objects now: 6576.
Memory consumption went from 291.8 MB to 290.8 MB.
Total: 8.471600 ms (FindLiveObjects: 0.829600 ms CreateObjectMapping: 0.257800 ms MarkObjects: 6.917800 ms  DeleteObjects: 0.465000 ms)

AssetImportParameters requested are different than current active one (requested -> active):
  custom:video-decoder-ogg-theora: a1e56fd34408186e4bbccfd4996cb3dc -> 
  custom:container-muxer-webm: aa71ff27fc2769a1b78a27578f13a17b -> 
  custom:container-demuxer-webm: 4f35f7cbe854078d1ac9338744f61a02 -> 
  custom:video-encoder-webm-vp8: eb34c28f22e8b96e1ab97ce403110664 -> 
  custom:audio-encoder-webm-vorbis: bf7c407c2cedff20999df2af8eb42d56 -> 
  custom:framework-win-MediaFoundation: 216162199b28c13a410421893ffa2e32 -> 
  custom:container-demuxer-ogg: 62fdf1f143b41e24485cea50d1cbac27 -> 
  custom:video-decoder-webm-vp8: 9c59270c3fd7afecdb556c50c9e8de78 -> 
  custom:audio-decoder-ogg-vorbis: bf7c407c2cedff20999df2af8eb42d56 -> 
========================================================================
Received Import Request.
  Time since last request: 1412468.492000 seconds.
  path: Assets/StarClusterPack/Models/Geometry/StarCluster_Geometry_Grid10.fbx
  artifactKey: Guid(14097380c8a434447812495a2f528513) Importer(815301076,1909f56bfc062723c751e8b465ee728b)
Start importing Assets/StarClusterPack/Models/Geometry/StarCluster_Geometry_Grid10.fbx using Guid(14097380c8a434447812495a2f528513) Importer(815301076,1909f56bfc062723c751e8b465ee728b)  -> (artifact id: '32b691ad1863a9537b23d40641303038') in 0.217934 seconds 
========================================================================
Received Import Request.
  Time since last request: 0.000027 seconds.
  path: Assets/StarClusterPack/Models/Field/StarCluster_Field_02.fbx
  artifactKey: Guid(d1af310ace84fd24b90a69591e6f9319) Importer(815301076,1909f56bfc062723c751e8b465ee728b)
Start importing Assets/StarClusterPack/Models/Field/StarCluster_Field_02.fbx using Guid(d1af310ace84fd24b90a69591e6f9319) Importer(815301076,1909f56bfc062723c751e8b465ee728b)  -> (artifact id: 'e8ad48b945b9a1b071f973b0fbda55e4') in 0.043641 seconds 
========================================================================
Received Import Request.
  Time since last request: 0.000034 seconds.
  path: Assets/StarClusterPack/Models/_SeparatedModels/StarCluster_Twist_05.fbx
  artifactKey: Guid(f706a9684bc6b58418d8b87d21470ab2) Importer(815301076,1909f56bfc062723c751e8b465ee728b)
Start importing Assets/StarClusterPack/Models/_SeparatedModels/StarCluster_Twist_05.fbx using Guid(f706a9684bc6b58418d8b87d21470ab2) Importer(815301076,1909f56bfc062723c751e8b465ee728b)  -> (artifact id: 'ae34f02d1d78f2577c4d6579fde1fc6d') in 1.438143 seconds 
========================================================================
Received Import Request.
  Time since last request: 0.000030 seconds.
  path: Assets/StarClusterPack/Models/Twist/StarCluster_Twist_02.fbx
  artifactKey: Guid(6b2f584512e65de4da49ae4d1ec3ba59) Importer(815301076,1909f56bfc062723c751e8b465ee728b)
Start importing Assets/StarClusterPack/Models/Twist/StarCluster_Twist_02.fbx using Guid(6b2f584512e65de4da49ae4d1ec3ba59) Importer(815301076,1909f56bfc062723c751e8b465ee728b)  -> (artifact id: '851e2716496ac89fee404276aa863152') in 0.056281 seconds 
========================================================================
Received Import Request.
  Time since last request: 0.000034 seconds.
  path: Assets/StarClusterPack/Models/_SeparatedModels/StarCluster_Twist_06.fbx
  artifactKey: Guid(2cdb484fb2f2dc4489f5fd26575bee01) Importer(815301076,1909f56bfc062723c751e8b465ee728b)
Start importing Assets/StarClusterPack/Models/_SeparatedModels/StarCluster_Twist_06.fbx using Guid(2cdb484fb2f2dc4489f5fd26575bee01) Importer(815301076,1909f56bfc062723c751e8b465ee728b)  -> (artifact id: '20b9bd10a1898364ab0c217c190d5954') in 1.562554 seconds 
========================================================================
Received Import Request.
  Time since last request: 0.000032 seconds.
  path: Assets/StarClusterPack/Models/Partitions/StarCluster_Partitions_02.fbx
  artifactKey: Guid(62df665f8ffc3a64e9b8e0df0c7d3f9a) Importer(815301076,1909f56bfc062723c751e8b465ee728b)
Start importing Assets/StarClusterPack/Models/Partitions/StarCluster_Partitions_02.fbx using Guid(62df665f8ffc3a64e9b8e0df0c7d3f9a) Importer(815301076,1909f56bfc062723c751e8b465ee728b)  -> (artifact id: 'efb154e7394d68ccdd549e006cbe3d19') in 0.043735 seconds 
========================================================================
Received Import Request.
  Time since last request: 0.000036 seconds.
  path: Assets/StarClusterPack/Models/Twist/StarCluster_Twist_05.fbx
  artifactKey: Guid(b47a9e52f7fc0354688d5b35a3a55cc1) Importer(815301076,1909f56bfc062723c751e8b465ee728b)
Start importing Assets/StarClusterPack/Models/Twist/StarCluster_Twist_05.fbx using Guid(b47a9e52f7fc0354688d5b35a3a55cc1) Importer(815301076,1909f56bfc062723c751e8b465ee728b)  -> (artifact id: '765eea4c2ff9be04120907d5238436f4') in 0.060916 seconds 
========================================================================
Received Import Request.
  Time since last request: 0.000026 seconds.
  path: Assets/StarClusterPack/Models/Geometry/StarCluster_Geometry_Line100.fbx
  artifactKey: Guid(671af968746ea634b8a4ca01978bc2f9) Importer(815301076,1909f56bfc062723c751e8b465ee728b)
Start importing Assets/StarClusterPack/Models/Geometry/StarCluster_Geometry_Line100.fbx using Guid(671af968746ea634b8a4ca01978bc2f9) Importer(815301076,1909f56bfc062723c751e8b465ee728b)  -> (artifact id: '848c89f11f537eef33c7cd4c508f9ff6') in 0.036063 seconds 
========================================================================
Received Import Request.
  Time since last request: 0.000028 seconds.
  path: Assets/StarClusterPack/Models/Geometry/StarCluster_Geometry_Circle.fbx
  artifactKey: Guid(9ff25d200ad3b6d488a608960028730f) Importer(815301076,1909f56bfc062723c751e8b465ee728b)
Start importing Assets/StarClusterPack/Models/Geometry/StarCluster_Geometry_Circle.fbx using Guid(9ff25d200ad3b6d488a608960028730f) Importer(815301076,1909f56bfc062723c751e8b465ee728b)  -> (artifact id: 'bf3b1acfa5b9bc58f1d164439109417d') in 0.037344 seconds 
========================================================================
Received Import Request.
  Time since last request: 0.000024 seconds.
  path: Assets/StarClusterPack/Models/Groups/StarCluster_Groups_03.fbx
  artifactKey: Guid(d8e7038e182b01e44852dfd4f229b329) Importer(815301076,1909f56bfc062723c751e8b465ee728b)
Start importing Assets/StarClusterPack/Models/Groups/StarCluster_Groups_03.fbx using Guid(d8e7038e182b01e44852dfd4f229b329) Importer(815301076,1909f56bfc062723c751e8b465ee728b)  -> (artifact id: '17d91f33b564baea00313dc1c1093a47') in 0.033655 seconds 
========================================================================
Received Import Request.
  Time since last request: 0.000030 seconds.
  path: Assets/StarClusterPack/Models/Regular/StarCluster_Regular_03.fbx
  artifactKey: Guid(51817a36345807944b42a5dc1c6f2133) Importer(815301076,1909f56bfc062723c751e8b465ee728b)
Start importing Assets/StarClusterPack/Models/Regular/StarCluster_Regular_03.fbx using Guid(51817a36345807944b42a5dc1c6f2133) Importer(815301076,1909f56bfc062723c751e8b465ee728b)  -> (artifact id: '2fdd67a5bcdede511bca38324f0b1a09') in 0.039314 seconds 
========================================================================
Received Import Request.
  Time since last request: 0.000039 seconds.
  path: Assets/StarClusterPack/Models/Partitions/StarCluster_Partitions_01.fbx
  artifactKey: Guid(5b0fd0754d32d0040b97768b4e39df6d) Importer(815301076,1909f56bfc062723c751e8b465ee728b)
Start importing Assets/StarClusterPack/Models/Partitions/StarCluster_Partitions_01.fbx using Guid(5b0fd0754d32d0040b97768b4e39df6d) Importer(815301076,1909f56bfc062723c751e8b465ee728b)  -> (artifact id: 'b4c0f50aade60b132a960ca8728b30c3') in 0.031507 seconds 
========================================================================
Received Import Request.
  Time since last request: 0.000034 seconds.
  path: Assets/StarClusterPack/Models/Spherical/StarCluster_Spherical_05.fbx
  artifactKey: Guid(a959015de5ca9ab40a91326c43a18108) Importer(815301076,1909f56bfc062723c751e8b465ee728b)
Start importing Assets/StarClusterPack/Models/Spherical/StarCluster_Spherical_05.fbx using Guid(a959015de5ca9ab40a91326c43a18108) Importer(815301076,1909f56bfc062723c751e8b465ee728b)  -> (artifact id: 'ecd2731eb4c5e8037e6e0a19290c2f62') in 0.032650 seconds 
========================================================================
Received Import Request.
  Time since last request: 0.000025 seconds.
  path: Assets/StarClusterPack/Models/Twist/StarCluster_Twist_03.fbx
  artifactKey: Guid(a58b2c43720aa0b4abf738cb15209f82) Importer(815301076,1909f56bfc062723c751e8b465ee728b)
Start importing Assets/StarClusterPack/Models/Twist/StarCluster_Twist_03.fbx using Guid(a58b2c43720aa0b4abf738cb15209f82) Importer(815301076,1909f56bfc062723c751e8b465ee728b)  -> (artifact id: '6cd1854f2500df0e98470816d70d5d69') in 0.067047 seconds 
========================================================================
Received Import Request.
  Time since last request: 0.000025 seconds.
  path: Assets/StarClusterPack/Models/_SeparatedModels/StarCluster_Regular_03.fbx
  artifactKey: Guid(53db5617f2e7e38479900e5dcdc5188c) Importer(815301076,1909f56bfc062723c751e8b465ee728b)
Start importing Assets/StarClusterPack/Models/_SeparatedModels/StarCluster_Regular_03.fbx using Guid(53db5617f2e7e38479900e5dcdc5188c) Importer(815301076,1909f56bfc062723c751e8b465ee728b)  -> (artifact id: 'd5b3b0f03c7c9bd2f4475f8c26b86411') in 1.459660 seconds 
========================================================================
Received Import Request.
  Time since last request: 0.000034 seconds.
  path: Assets/StarClusterPack/Models/Spherical/StarCluster_Spherical_01.fbx
  artifactKey: Guid(1718de5f8c4e78c4b9be1651801ea1d2) Importer(815301076,1909f56bfc062723c751e8b465ee728b)
Start importing Assets/StarClusterPack/Models/Spherical/StarCluster_Spherical_01.fbx using Guid(1718de5f8c4e78c4b9be1651801ea1d2) Importer(815301076,1909f56bfc062723c751e8b465ee728b)  -> (artifact id: 'd5357a6c593719922c97946edc9902b3') in 0.036804 seconds 
========================================================================
Received Import Request.
  Time since last request: 0.000039 seconds.
  path: Assets/StarClusterPack/Models/_SeparatedModels/StarCluster_Groups_03.fbx
  artifactKey: Guid(19981964f52c84e459c3d997acc6e7e4) Importer(815301076,1909f56bfc062723c751e8b465ee728b)
Start importing Assets/StarClusterPack/Models/_SeparatedModels/StarCluster_Groups_03.fbx using Guid(19981964f52c84e459c3d997acc6e7e4) Importer(815301076,1909f56bfc062723c751e8b465ee728b)  -> (artifact id: '73176de94827e4459bafd514d862bec1') in 1.094732 seconds 
========================================================================
Received Prepare
Registering precompiled user dll's ...
Registered in 0.017139 seconds.
Begin MonoManager ReloadAssembly
Symbol file LoadedFromMemory doesn't match image C:\Users\Doubleme\Downloads\NoiseBall-master\Library\PackageCache\com.unity.visualscripting@1.7.8\Editor\VisualScripting.Core\Dependencies\DotNetZip\Unity.VisualScripting.IonicZip.dll
Symbol file LoadedFromMemory doesn't match image C:\Users\Doubleme\Downloads\NoiseBall-master\Library\PackageCache\com.unity.visualscripting@1.7.8\Editor\VisualScripting.Core\Dependencies\YamlDotNet\Unity.VisualScripting.YamlDotNet.dll
Native extension for UWP target not found
Native extension for WindowsStandalone target not found
Refreshing native plugins compatible for Editor in 1.18 ms, found 5 plugins.
Preloading 0 native plugins for Editor in 0.00 ms.
Mono: successfully reloaded assembly
- Completed reload, in  1.943 seconds
Domain Reload Profiling:
	ReloadAssembly (1944ms)
		BeginReloadAssembly (211ms)
			ExecutionOrderSort (0ms)
			DisableScriptedObjects (7ms)
			BackupInstance (0ms)
			ReleaseScriptingObjects (0ms)
			CreateAndSetChildDomain (50ms)
		EndReloadAssembly (1591ms)
			LoadAssemblies (171ms)
			RebuildTransferFunctionScriptingTraits (0ms)
			SetupTypeCache (368ms)
			ReleaseScriptCaches (2ms)
			RebuildScriptCaches (94ms)
			SetupLoadedEditorAssemblies (895ms)
				LogAssemblyErrors (0ms)
				InitializePlatformSupportModulesInManaged (45ms)
				SetLoadedEditorAssemblies (1ms)
				RefreshPlugins (1ms)
				BeforeProcessingInitializeOnLoad (145ms)
				ProcessInitializeOnLoadAttributes (375ms)
				ProcessInitializeOnLoadMethodAttributes (310ms)
				AfterProcessingInitializeOnLoad (18ms)
				EditorAssembliesLoaded (0ms)
			ExecutionOrderSort2 (0ms)
			AwakeInstancesAfterBackupRestoration (21ms)
Platform modules already initialized, skipping
Refreshing native plugins compatible for Editor in 8.60 ms, found 5 plugins.
Preloading 0 native plugins for Editor in 0.00 ms.
Unloading 5846 Unused Serialized files (Serialized files now loaded: 0)
Unloading 70 unused Assets / (1.0 MB). Loaded Objects now: 6590.
Memory consumption went from 267.9 MB to 267.0 MB.
Total: 10.931600 ms (FindLiveObjects: 0.718100 ms CreateObjectMapping: 0.237100 ms MarkObjects: 9.554400 ms  DeleteObjects: 0.420600 ms)

AssetImportParameters requested are different than current active one (requested -> active):
  custom:video-decoder-ogg-theora: a1e56fd34408186e4bbccfd4996cb3dc -> 
  custom:container-muxer-webm: aa71ff27fc2769a1b78a27578f13a17b -> 
  custom:container-demuxer-webm: 4f35f7cbe854078d1ac9338744f61a02 -> 
  custom:video-encoder-webm-vp8: eb34c28f22e8b96e1ab97ce403110664 -> 
  custom:audio-encoder-webm-vorbis: bf7c407c2cedff20999df2af8eb42d56 -> 
  custom:framework-win-MediaFoundation: 216162199b28c13a410421893ffa2e32 -> 
  custom:container-demuxer-ogg: 62fdf1f143b41e24485cea50d1cbac27 -> 
  custom:video-decoder-webm-vp8: 9c59270c3fd7afecdb556c50c9e8de78 -> 
  custom:audio-decoder-ogg-vorbis: bf7c407c2cedff20999df2af8eb42d56 -> 
Editor requested this worker to shutdown with reason: Scaling down because of idle timeout
AssetImportWorker is now disconnected from the server
Process exiting
Exiting without the bug reporter. Application will terminate with return code 0